<?xml version="1.0" encoding="UTF-8"?>
<testng-results ignored="0" total="1" passed="1" failed="0" skipped="0">
  <reporter-output>
  </reporter-output>
  <suite started-at="2023-03-24T12:52:03 IST" name="Default suite" finished-at="2023-03-24T12:52:03 IST" duration-ms="92">
    <groups>
    </groups>
    <test started-at="2023-03-24T12:52:03 IST" name="Default test" finished-at="2023-03-24T12:52:03 IST" duration-ms="92">
      <class name="Practice.Practice1">
        <test-method signature="sample()[pri:0, instance:Practice.Practice1@6b26e945]" started-at="2023-03-24T12:52:03 IST" name="sample" finished-at="2023-03-24T12:52:03 IST" duration-ms="14" status="PASS">
          <reporter-output>
          </reporter-output>
        </test-method> <!-- sample -->
      </class> <!-- Practice.Practice1 -->
    </test> <!-- Default test -->
  </suite> <!-- Default suite -->
</testng-results>
